=== RUN   TestDeploy_basic
{"level":"debug","time":"2019-04-17T11:28:19-07:00","message":"template/render: no variable file passed, trying defaults"}
{"level":"debug","time":"2019-04-17T11:28:19-07:00","message":"helper/files: no default var-file found"}
{"level":"info","time":"2019-04-17T11:28:19-07:00","message":"helper/variable: using command line variable with key job_name and value levant-TestDeploy_basic"}
{"level":"info","job_id":"levant-TestDeploy_basic","time":"2019-04-17T11:28:19-07:00","message":"levant/deploy: job is not running, using template file group counts"}
{"level":"info","job_id":"levant-TestDeploy_basic","time":"2019-04-17T11:28:19-07:00","message":"levant/deploy: triggering a deployment"}
{"level":"info","job_id":"levant-TestDeploy_basic","time":"2019-04-17T11:28:20-07:00","message":"levant/deploy: evaluation 96c3ef8c-306c-7e11-90cf-d9cc9996b699 finished successfully"}
{"level":"info","job_id":"levant-TestDeploy_basic","time":"2019-04-17T11:28:20-07:00","message":"levant/deploy: beginning deployment watcher for job"}
{"level":"debug","job_id":"levant-TestDeploy_basic","time":"2019-04-17T11:28:20-07:00","message":"levant/deploy: deployment ffdf5943-7a16-8649-2771-8155431f438e running for 0.00s"}
{"level":"debug","job_id":"levant-TestDeploy_basic","time":"2019-04-17T11:28:25-07:00","message":"levant/deploy: deployment ffdf5943-7a16-8649-2771-8155431f438e running for 5.21s"}
{"level":"debug","job_id":"levant-TestDeploy_basic","time":"2019-04-17T11:28:30-07:00","message":"levant/deploy: deployment ffdf5943-7a16-8649-2771-8155431f438e running for 10.29s"}
{"level":"debug","job_id":"levant-TestDeploy_basic","time":"2019-04-17T11:28:31-07:00","message":"levant/deploy: deployment ffdf5943-7a16-8649-2771-8155431f438e running for 11.27s"}
{"level":"debug","job_id":"levant-TestDeploy_basic","time":"2019-04-17T11:28:32-07:00","message":"levant/deploy: deployment ffdf5943-7a16-8649-2771-8155431f438e running for 12.53s"}
{"level":"info","job_id":"levant-TestDeploy_basic","time":"2019-04-17T11:28:32-07:00","message":"levant/deploy: deployment ffdf5943-7a16-8649-2771-8155431f438e has completed successfully"}
{"level":"info","job_id":"levant-TestDeploy_basic","time":"2019-04-17T11:28:32-07:00","message":"levant/deploy: job deployment successful"}
--- PASS: TestDeploy_basic (13.84s)
=== RUN   TestDeploy_driverError
{"level":"debug","job_id":"levant-TestDeploy_basic","time":"2019-04-17T11:28:33-07:00","message":"template/render: no variable file passed, trying defaults"}
{"level":"debug","job_id":"levant-TestDeploy_basic","time":"2019-04-17T11:28:33-07:00","message":"helper/files: no default var-file found"}
{"level":"info","job_id":"levant-TestDeploy_basic","time":"2019-04-17T11:28:33-07:00","message":"helper/variable: using command line variable with key job_name and value levant-TestDeploy_driverError"}
{"level":"info","job_id":"levant-TestDeploy_basic","job_id":"levant-TestDeploy_driverError","time":"2019-04-17T11:28:33-07:00","message":"levant/deploy: job is not running, using template file group counts"}
{"level":"info","job_id":"levant-TestDeploy_basic","job_id":"levant-TestDeploy_driverError","time":"2019-04-17T11:28:33-07:00","message":"levant/deploy: triggering a deployment"}
{"level":"info","job_id":"levant-TestDeploy_basic","job_id":"levant-TestDeploy_driverError","time":"2019-04-17T11:28:34-07:00","message":"levant/deploy: evaluation 7d6122fa-a165-11a6-bee9-f41bee80aace finished successfully"}
{"level":"info","job_id":"levant-TestDeploy_basic","job_id":"levant-TestDeploy_driverError","time":"2019-04-17T11:28:34-07:00","message":"levant/deploy: beginning deployment watcher for job"}
{"level":"debug","job_id":"levant-TestDeploy_basic","job_id":"levant-TestDeploy_driverError","time":"2019-04-17T11:28:34-07:00","message":"levant/deploy: deployment 227d37b3-ca8b-9875-56bf-2b2842363700 running for 0.00s"}
{"level":"debug","job_id":"levant-TestDeploy_basic","job_id":"levant-TestDeploy_driverError","time":"2019-04-17T11:28:39-07:00","message":"levant/deploy: deployment 227d37b3-ca8b-9875-56bf-2b2842363700 running for 5.11s"}
{"level":"debug","job_id":"levant-TestDeploy_basic","job_id":"levant-TestDeploy_driverError","time":"2019-04-17T11:28:40-07:00","message":"levant/deploy: deployment 227d37b3-ca8b-9875-56bf-2b2842363700 running for 6.60s"}
{"level":"debug","job_id":"levant-TestDeploy_basic","job_id":"levant-TestDeploy_driverError","time":"2019-04-17T11:28:45-07:00","message":"levant/deploy: deployment 227d37b3-ca8b-9875-56bf-2b2842363700 running for 11.63s"}
{"level":"debug","job_id":"levant-TestDeploy_basic","job_id":"levant-TestDeploy_driverError","time":"2019-04-17T11:28:51-07:00","message":"levant/deploy: deployment 227d37b3-ca8b-9875-56bf-2b2842363700 running for 16.83s"}
{"level":"debug","job_id":"levant-TestDeploy_basic","job_id":"levant-TestDeploy_driverError","time":"2019-04-17T11:28:53-07:00","message":"levant/deploy: deployment 227d37b3-ca8b-9875-56bf-2b2842363700 running for 19.00s"}
{"level":"error","job_id":"levant-TestDeploy_basic","job_id":"levant-TestDeploy_driverError","time":"2019-04-17T11:28:53-07:00","message":"levant/deploy: deployment 227d37b3-ca8b-9875-56bf-2b2842363700 has status failed"}
{"level":"debug","job_id":"levant-TestDeploy_basic","job_id":"levant-TestDeploy_driverError","time":"2019-04-17T11:28:53-07:00","message":"levant/failure_inspector: launching allocation inspector for alloc 322e721d-67e2-e789-1a7b-117a23744d58"}
{"level":"error","job_id":"levant-TestDeploy_basic","job_id":"levant-TestDeploy_driverError","time":"2019-04-17T11:28:53-07:00","message":"levant/failure_inspector: alloc 322e721d-67e2-e789-1a7b-117a23744d58 logged for failure; event_type: received; message: task received by client"}
{"level":"error","job_id":"levant-TestDeploy_basic","job_id":"levant-TestDeploy_driverError","time":"2019-04-17T11:28:53-07:00","message":"levant/failure_inspector: alloc 322e721d-67e2-e789-1a7b-117a23744d58 logged for failure; event_type: task setup; message: building task directory"}
{"level":"error","job_id":"levant-TestDeploy_basic","job_id":"levant-TestDeploy_driverError","time":"2019-04-17T11:28:53-07:00","message":"levant/failure_inspector: alloc 322e721d-67e2-e789-1a7b-117a23744d58 logged for failure; event_type: driver; message: downloading image alpine:badimagetag"}
{"level":"error","job_id":"levant-TestDeploy_basic","job_id":"levant-TestDeploy_driverError","time":"2019-04-17T11:28:53-07:00","message":"levant/failure_inspector: alloc 322e721d-67e2-e789-1a7b-117a23744d58 incurred event driver failure because failed to initialize task \"alpine\" for alloc \"322e721d-67e2-e789-1a7b-117a23744d58\": Failed to pull `alpine:badimagetag`: API error (404): {\"message\":\"manifest for alpine:badimagetag not found\"}"}
{"level":"error","job_id":"levant-TestDeploy_basic","job_id":"levant-TestDeploy_driverError","time":"2019-04-17T11:28:53-07:00","message":"levant/failure_inspector: alloc 322e721d-67e2-e789-1a7b-117a23744d58 logged for failure; event_type: restarting; message: task restarting in 5.175657074s"}
{"level":"error","job_id":"levant-TestDeploy_basic","job_id":"levant-TestDeploy_driverError","time":"2019-04-17T11:28:53-07:00","message":"levant/failure_inspector: alloc 322e721d-67e2-e789-1a7b-117a23744d58 logged for failure; event_type: driver; message: downloading image alpine:badimagetag"}
{"level":"error","job_id":"levant-TestDeploy_basic","job_id":"levant-TestDeploy_driverError","time":"2019-04-17T11:28:53-07:00","message":"levant/failure_inspector: alloc 322e721d-67e2-e789-1a7b-117a23744d58 incurred event driver failure because failed to initialize task \"alpine\" for alloc \"322e721d-67e2-e789-1a7b-117a23744d58\": Failed to pull `alpine:badimagetag`: API error (404): {\"message\":\"manifest for alpine:badimagetag not found\"}"}
{"level":"error","job_id":"levant-TestDeploy_basic","job_id":"levant-TestDeploy_driverError","time":"2019-04-17T11:28:53-07:00","message":"levant/failure_inspector: alloc 322e721d-67e2-e789-1a7b-117a23744d58 incurred event not restarting because Exceeded allowed attempts 1 in interval 10s and mode is \"fail\""}
{"level":"error","job_id":"levant-TestDeploy_basic","job_id":"levant-TestDeploy_driverError","time":"2019-04-17T11:28:53-07:00","message":"levant/failure_inspector: alloc 322e721d-67e2-e789-1a7b-117a23744d58 logged for failure; event_type: alloc unhealthy; message: unhealthy because of failed task"}
{"level":"info","job_id":"levant-TestDeploy_basic","job_id":"levant-TestDeploy_driverError","time":"2019-04-17T11:28:53-07:00","message":"levant/auto_revert: job levant-TestDeploy_driverError is not in auto-revert; POTENTIAL OUTAGE SITUATION"}
{"level":"error","job_id":"levant-TestDeploy_basic","job_id":"levant-TestDeploy_driverError","time":"2019-04-17T11:28:53-07:00","message":"levant/deploy: job deployment failed"}
--- PASS: TestDeploy_driverError (20.35s)
=== RUN   TestDeploy_allocError
{"level":"debug","job_id":"levant-TestDeploy_basic","job_id":"levant-TestDeploy_driverError","time":"2019-04-17T11:28:53-07:00","message":"template/render: no variable file passed, trying defaults"}
{"level":"debug","job_id":"levant-TestDeploy_basic","job_id":"levant-TestDeploy_driverError","time":"2019-04-17T11:28:53-07:00","message":"helper/files: no default var-file found"}
{"level":"info","job_id":"levant-TestDeploy_basic","job_id":"levant-TestDeploy_driverError","time":"2019-04-17T11:28:53-07:00","message":"helper/variable: using command line variable with key job_name and value levant-TestDeploy_allocError"}
{"level":"info","job_id":"levant-TestDeploy_basic","job_id":"levant-TestDeploy_driverError","job_id":"levant-TestDeploy_allocError","time":"2019-04-17T11:28:53-07:00","message":"levant/deploy: job is not running, using template file group counts"}
{"level":"info","job_id":"levant-TestDeploy_basic","job_id":"levant-TestDeploy_driverError","job_id":"levant-TestDeploy_allocError","time":"2019-04-17T11:28:53-07:00","message":"levant/deploy: triggering a deployment"}
{"level":"info","job_id":"levant-TestDeploy_basic","job_id":"levant-TestDeploy_driverError","job_id":"levant-TestDeploy_allocError","time":"2019-04-17T11:28:54-07:00","message":"levant/deploy: evaluation a52fd21d-c1ea-b3c6-139a-8909bc04ded8 finished successfully"}
{"level":"info","job_id":"levant-TestDeploy_basic","job_id":"levant-TestDeploy_driverError","job_id":"levant-TestDeploy_allocError","time":"2019-04-17T11:28:54-07:00","message":"levant/deploy: beginning deployment watcher for job"}
{"level":"debug","job_id":"levant-TestDeploy_basic","job_id":"levant-TestDeploy_driverError","job_id":"levant-TestDeploy_allocError","time":"2019-04-17T11:28:54-07:00","message":"levant/deploy: deployment 1c859fd6-71e9-00e6-4990-7a97ac021cc8 running for 0.00s"}
{"level":"debug","job_id":"levant-TestDeploy_basic","job_id":"levant-TestDeploy_driverError","job_id":"levant-TestDeploy_allocError","time":"2019-04-17T11:28:56-07:00","message":"levant/deploy: deployment 1c859fd6-71e9-00e6-4990-7a97ac021cc8 running for 1.90s"}
{"level":"debug","job_id":"levant-TestDeploy_basic","job_id":"levant-TestDeploy_driverError","job_id":"levant-TestDeploy_allocError","time":"2019-04-17T11:29:01-07:00","message":"levant/deploy: deployment 1c859fd6-71e9-00e6-4990-7a97ac021cc8 running for 6.97s"}
{"level":"debug","job_id":"levant-TestDeploy_basic","job_id":"levant-TestDeploy_driverError","job_id":"levant-TestDeploy_allocError","time":"2019-04-17T11:29:06-07:00","message":"levant/deploy: deployment 1c859fd6-71e9-00e6-4990-7a97ac021cc8 running for 12.00s"}
{"level":"debug","job_id":"levant-TestDeploy_basic","job_id":"levant-TestDeploy_driverError","job_id":"levant-TestDeploy_allocError","time":"2019-04-17T11:29:11-07:00","message":"levant/deploy: deployment 1c859fd6-71e9-00e6-4990-7a97ac021cc8 running for 17.29s"}
{"level":"debug","job_id":"levant-TestDeploy_basic","job_id":"levant-TestDeploy_driverError","job_id":"levant-TestDeploy_allocError","time":"2019-04-17T11:29:13-07:00","message":"levant/deploy: deployment 1c859fd6-71e9-00e6-4990-7a97ac021cc8 running for 19.00s"}
{"level":"error","job_id":"levant-TestDeploy_basic","job_id":"levant-TestDeploy_driverError","job_id":"levant-TestDeploy_allocError","time":"2019-04-17T11:29:13-07:00","message":"levant/deploy: deployment 1c859fd6-71e9-00e6-4990-7a97ac021cc8 has status failed"}
{"level":"debug","job_id":"levant-TestDeploy_basic","job_id":"levant-TestDeploy_driverError","job_id":"levant-TestDeploy_allocError","time":"2019-04-17T11:29:13-07:00","message":"levant/failure_inspector: launching allocation inspector for alloc 8d73d964-d84d-0dc9-8c32-3370707a9c60"}
{"level":"error","job_id":"levant-TestDeploy_basic","job_id":"levant-TestDeploy_driverError","job_id":"levant-TestDeploy_allocError","time":"2019-04-17T11:29:13-07:00","message":"levant/failure_inspector: alloc 8d73d964-d84d-0dc9-8c32-3370707a9c60 logged for failure; event_type: received; message: task received by client"}
{"level":"error","job_id":"levant-TestDeploy_basic","job_id":"levant-TestDeploy_driverError","job_id":"levant-TestDeploy_allocError","time":"2019-04-17T11:29:13-07:00","message":"levant/failure_inspector: alloc 8d73d964-d84d-0dc9-8c32-3370707a9c60 logged for failure; event_type: task setup; message: building task directory"}
{"level":"error","job_id":"levant-TestDeploy_basic","job_id":"levant-TestDeploy_driverError","job_id":"levant-TestDeploy_allocError","time":"2019-04-17T11:29:13-07:00","message":"levant/failure_inspector: alloc 8d73d964-d84d-0dc9-8c32-3370707a9c60 logged for failure; event_type: driver; message: downloading image alpine:latest"}
{"level":"error","job_id":"levant-TestDeploy_basic","job_id":"levant-TestDeploy_driverError","job_id":"levant-TestDeploy_allocError","time":"2019-04-17T11:29:13-07:00","message":"levant/failure_inspector: alloc 8d73d964-d84d-0dc9-8c32-3370707a9c60 incurred event driver failure because failed to start task \"alpine\" for alloc \"8d73d964-d84d-0dc9-8c32-3370707a9c60\": Failed to start container 2a0017c2f8db2829c9440c3fa9c91715fdf6a0de641c19d8bb6a7b6fd8ba4474: API error (400): {\"message\":\"OCI runtime create failed: container_linux.go:344: starting container process caused \\\"exec: \\\\\\\"badcommandname\\\\\\\": executable file not found in $PATH\\\": unknown\"}"}
{"level":"error","job_id":"levant-TestDeploy_basic","job_id":"levant-TestDeploy_driverError","job_id":"levant-TestDeploy_allocError","time":"2019-04-17T11:29:13-07:00","message":"levant/failure_inspector: alloc 8d73d964-d84d-0dc9-8c32-3370707a9c60 incurred event not restarting because Error was unrecoverable"}
{"level":"error","job_id":"levant-TestDeploy_basic","job_id":"levant-TestDeploy_driverError","job_id":"levant-TestDeploy_allocError","time":"2019-04-17T11:29:13-07:00","message":"levant/failure_inspector: alloc 8d73d964-d84d-0dc9-8c32-3370707a9c60 logged for failure; event_type: alloc unhealthy; message: unhealthy because of failed task"}
{"level":"info","job_id":"levant-TestDeploy_basic","job_id":"levant-TestDeploy_driverError","job_id":"levant-TestDeploy_allocError","time":"2019-04-17T11:29:13-07:00","message":"levant/auto_revert: job levant-TestDeploy_allocError is not in auto-revert; POTENTIAL OUTAGE SITUATION"}
{"level":"error","job_id":"levant-TestDeploy_basic","job_id":"levant-TestDeploy_driverError","job_id":"levant-TestDeploy_allocError","time":"2019-04-17T11:29:13-07:00","message":"levant/deploy: job deployment failed"}
--- PASS: TestDeploy_allocError (20.30s)
=== RUN   TestDeploy_count
{"level":"debug","job_id":"levant-TestDeploy_basic","job_id":"levant-TestDeploy_driverError","job_id":"levant-TestDeploy_allocError","time":"2019-04-17T11:29:13-07:00","message":"template/render: no variable file passed, trying defaults"}
{"level":"debug","job_id":"levant-TestDeploy_basic","job_id":"levant-TestDeploy_driverError","job_id":"levant-TestDeploy_allocError","time":"2019-04-17T11:29:13-07:00","message":"helper/files: no default var-file found"}
{"level":"info","job_id":"levant-TestDeploy_basic","job_id":"levant-TestDeploy_driverError","job_id":"levant-TestDeploy_allocError","time":"2019-04-17T11:29:13-07:00","message":"helper/variable: using command line variable with key count and value 3"}
{"level":"info","job_id":"levant-TestDeploy_basic","job_id":"levant-TestDeploy_driverError","job_id":"levant-TestDeploy_allocError","time":"2019-04-17T11:29:13-07:00","message":"helper/variable: using command line variable with key job_name and value levant-TestDeploy_count"}
{"level":"info","job_id":"levant-TestDeploy_basic","job_id":"levant-TestDeploy_driverError","job_id":"levant-TestDeploy_allocError","job_id":"levant-TestDeploy_count","time":"2019-04-17T11:29:14-07:00","message":"levant/deploy: job is not running, using template file group counts"}
{"level":"info","job_id":"levant-TestDeploy_basic","job_id":"levant-TestDeploy_driverError","job_id":"levant-TestDeploy_allocError","job_id":"levant-TestDeploy_count","time":"2019-04-17T11:29:14-07:00","message":"levant/deploy: triggering a deployment"}
{"level":"info","job_id":"levant-TestDeploy_basic","job_id":"levant-TestDeploy_driverError","job_id":"levant-TestDeploy_allocError","job_id":"levant-TestDeploy_count","time":"2019-04-17T11:29:15-07:00","message":"levant/deploy: evaluation 7c90ef98-4dea-af9b-9cc6-05fca8791550 finished successfully"}
{"level":"info","job_id":"levant-TestDeploy_basic","job_id":"levant-TestDeploy_driverError","job_id":"levant-TestDeploy_allocError","job_id":"levant-TestDeploy_count","time":"2019-04-17T11:29:15-07:00","message":"levant/deploy: beginning deployment watcher for job"}
{"level":"debug","job_id":"levant-TestDeploy_basic","job_id":"levant-TestDeploy_driverError","job_id":"levant-TestDeploy_allocError","job_id":"levant-TestDeploy_count","time":"2019-04-17T11:29:15-07:00","message":"levant/deploy: deployment 911aac3d-1176-d921-6d2c-1b9fb6c269a7 running for 0.00s"}
{"level":"debug","job_id":"levant-TestDeploy_basic","job_id":"levant-TestDeploy_driverError","job_id":"levant-TestDeploy_allocError","job_id":"levant-TestDeploy_count","time":"2019-04-17T11:29:20-07:00","message":"levant/deploy: deployment 911aac3d-1176-d921-6d2c-1b9fb6c269a7 running for 5.23s"}
{"level":"debug","job_id":"levant-TestDeploy_basic","job_id":"levant-TestDeploy_driverError","job_id":"levant-TestDeploy_allocError","job_id":"levant-TestDeploy_count","time":"2019-04-17T11:29:25-07:00","message":"levant/deploy: deployment 911aac3d-1176-d921-6d2c-1b9fb6c269a7 running for 10.36s"}
{"level":"debug","job_id":"levant-TestDeploy_basic","job_id":"levant-TestDeploy_driverError","job_id":"levant-TestDeploy_allocError","job_id":"levant-TestDeploy_count","time":"2019-04-17T11:29:26-07:00","message":"levant/deploy: deployment 911aac3d-1176-d921-6d2c-1b9fb6c269a7 running for 11.67s"}
{"level":"debug","job_id":"levant-TestDeploy_basic","job_id":"levant-TestDeploy_driverError","job_id":"levant-TestDeploy_allocError","job_id":"levant-TestDeploy_count","time":"2019-04-17T11:29:26-07:00","message":"levant/deploy: deployment 911aac3d-1176-d921-6d2c-1b9fb6c269a7 running for 11.87s"}
{"level":"debug","job_id":"levant-TestDeploy_basic","job_id":"levant-TestDeploy_driverError","job_id":"levant-TestDeploy_allocError","job_id":"levant-TestDeploy_count","time":"2019-04-17T11:29:27-07:00","message":"levant/deploy: deployment 911aac3d-1176-d921-6d2c-1b9fb6c269a7 running for 12.92s"}
{"level":"info","job_id":"levant-TestDeploy_basic","job_id":"levant-TestDeploy_driverError","job_id":"levant-TestDeploy_allocError","job_id":"levant-TestDeploy_count","time":"2019-04-17T11:29:27-07:00","message":"levant/deploy: deployment 911aac3d-1176-d921-6d2c-1b9fb6c269a7 has completed successfully"}
{"level":"info","job_id":"levant-TestDeploy_basic","job_id":"levant-TestDeploy_driverError","job_id":"levant-TestDeploy_allocError","job_id":"levant-TestDeploy_count","time":"2019-04-17T11:29:27-07:00","message":"levant/deploy: job deployment successful"}
{"level":"debug","job_id":"levant-TestDeploy_basic","job_id":"levant-TestDeploy_driverError","job_id":"levant-TestDeploy_allocError","job_id":"levant-TestDeploy_count","time":"2019-04-17T11:29:28-07:00","message":"template/render: no variable file passed, trying defaults"}
{"level":"debug","job_id":"levant-TestDeploy_basic","job_id":"levant-TestDeploy_driverError","job_id":"levant-TestDeploy_allocError","job_id":"levant-TestDeploy_count","time":"2019-04-17T11:29:28-07:00","message":"helper/files: no default var-file found"}
{"level":"info","job_id":"levant-TestDeploy_basic","job_id":"levant-TestDeploy_driverError","job_id":"levant-TestDeploy_allocError","job_id":"levant-TestDeploy_count","time":"2019-04-17T11:29:28-07:00","message":"helper/variable: using command line variable with key count and value 1"}
{"level":"info","job_id":"levant-TestDeploy_basic","job_id":"levant-TestDeploy_driverError","job_id":"levant-TestDeploy_allocError","job_id":"levant-TestDeploy_count","time":"2019-04-17T11:29:28-07:00","message":"helper/variable: using command line variable with key job_name and value levant-TestDeploy_count"}
{"level":"debug","job_id":"levant-TestDeploy_basic","job_id":"levant-TestDeploy_driverError","job_id":"levant-TestDeploy_allocError","job_id":"levant-TestDeploy_count","job_id":"levant-TestDeploy_count","time":"2019-04-17T11:29:28-07:00","message":"levant/deploy: running dynamic job count updater"}
{"level":"info","job_id":"levant-TestDeploy_basic","job_id":"levant-TestDeploy_driverError","job_id":"levant-TestDeploy_allocError","job_id":"levant-TestDeploy_count","job_id":"levant-TestDeploy_count","time":"2019-04-17T11:29:28-07:00","message":"levant/deploy: using dynamic count 3 for group test"}
{"level":"info","job_id":"levant-TestDeploy_basic","job_id":"levant-TestDeploy_driverError","job_id":"levant-TestDeploy_allocError","job_id":"levant-TestDeploy_count","job_id":"levant-TestDeploy_count","time":"2019-04-17T11:29:28-07:00","message":"levant/deploy: triggering a deployment"}
{"level":"info","job_id":"levant-TestDeploy_basic","job_id":"levant-TestDeploy_driverError","job_id":"levant-TestDeploy_allocError","job_id":"levant-TestDeploy_count","job_id":"levant-TestDeploy_count","time":"2019-04-17T11:29:28-07:00","message":"levant/deploy: evaluation 492089e4-e6c0-b9f1-97a5-a7d160242297 finished successfully"}
{"level":"info","job_id":"levant-TestDeploy_basic","job_id":"levant-TestDeploy_driverError","job_id":"levant-TestDeploy_allocError","job_id":"levant-TestDeploy_count","job_id":"levant-TestDeploy_count","time":"2019-04-17T11:29:28-07:00","message":"levant/deploy: beginning deployment watcher for job"}
{"level":"debug","job_id":"levant-TestDeploy_basic","job_id":"levant-TestDeploy_driverError","job_id":"levant-TestDeploy_allocError","job_id":"levant-TestDeploy_count","job_id":"levant-TestDeploy_count","time":"2019-04-17T11:29:28-07:00","message":"levant/deploy: deployment 911aac3d-1176-d921-6d2c-1b9fb6c269a7 running for 0.00s"}
{"level":"info","job_id":"levant-TestDeploy_basic","job_id":"levant-TestDeploy_driverError","job_id":"levant-TestDeploy_allocError","job_id":"levant-TestDeploy_count","job_id":"levant-TestDeploy_count","time":"2019-04-17T11:29:28-07:00","message":"levant/deploy: deployment 911aac3d-1176-d921-6d2c-1b9fb6c269a7 has completed successfully"}
{"level":"info","job_id":"levant-TestDeploy_basic","job_id":"levant-TestDeploy_driverError","job_id":"levant-TestDeploy_allocError","job_id":"levant-TestDeploy_count","job_id":"levant-TestDeploy_count","time":"2019-04-17T11:29:28-07:00","message":"levant/deploy: job deployment successful"}
{"level":"debug","job_id":"levant-TestDeploy_basic","job_id":"levant-TestDeploy_driverError","job_id":"levant-TestDeploy_allocError","job_id":"levant-TestDeploy_count","job_id":"levant-TestDeploy_count","time":"2019-04-17T11:29:28-07:00","message":"template/render: no variable file passed, trying defaults"}
{"level":"debug","job_id":"levant-TestDeploy_basic","job_id":"levant-TestDeploy_driverError","job_id":"levant-TestDeploy_allocError","job_id":"levant-TestDeploy_count","job_id":"levant-TestDeploy_count","time":"2019-04-17T11:29:28-07:00","message":"helper/files: no default var-file found"}
{"level":"info","job_id":"levant-TestDeploy_basic","job_id":"levant-TestDeploy_driverError","job_id":"levant-TestDeploy_allocError","job_id":"levant-TestDeploy_count","job_id":"levant-TestDeploy_count","time":"2019-04-17T11:29:28-07:00","message":"helper/variable: using command line variable with key count and value 1"}
{"level":"info","job_id":"levant-TestDeploy_basic","job_id":"levant-TestDeploy_driverError","job_id":"levant-TestDeploy_allocError","job_id":"levant-TestDeploy_count","job_id":"levant-TestDeploy_count","time":"2019-04-17T11:29:28-07:00","message":"helper/variable: using command line variable with key job_name and value levant-TestDeploy_count"}
{"level":"info","job_id":"levant-TestDeploy_basic","job_id":"levant-TestDeploy_driverError","job_id":"levant-TestDeploy_allocError","job_id":"levant-TestDeploy_count","job_id":"levant-TestDeploy_count","job_id":"levant-TestDeploy_count","time":"2019-04-17T11:29:28-07:00","message":"levant/deploy: triggering a deployment"}
{"level":"info","job_id":"levant-TestDeploy_basic","job_id":"levant-TestDeploy_driverError","job_id":"levant-TestDeploy_allocError","job_id":"levant-TestDeploy_count","job_id":"levant-TestDeploy_count","job_id":"levant-TestDeploy_count","time":"2019-04-17T11:29:29-07:00","message":"levant/deploy: evaluation f0196d98-0e64-9b38-dbff-66b28b680405 finished successfully"}
{"level":"info","job_id":"levant-TestDeploy_basic","job_id":"levant-TestDeploy_driverError","job_id":"levant-TestDeploy_allocError","job_id":"levant-TestDeploy_count","job_id":"levant-TestDeploy_count","job_id":"levant-TestDeploy_count","time":"2019-04-17T11:29:29-07:00","message":"levant/deploy: beginning deployment watcher for job"}
{"level":"debug","job_id":"levant-TestDeploy_basic","job_id":"levant-TestDeploy_driverError","job_id":"levant-TestDeploy_allocError","job_id":"levant-TestDeploy_count","job_id":"levant-TestDeploy_count","job_id":"levant-TestDeploy_count","time":"2019-04-17T11:29:29-07:00","message":"levant/deploy: deployment dbfae758-73f1-4fce-275d-1b80ddeaf7e5 running for 0.00s"}
{"level":"debug","job_id":"levant-TestDeploy_basic","job_id":"levant-TestDeploy_driverError","job_id":"levant-TestDeploy_allocError","job_id":"levant-TestDeploy_count","job_id":"levant-TestDeploy_count","job_id":"levant-TestDeploy_count","time":"2019-04-17T11:29:34-07:00","message":"levant/deploy: deployment dbfae758-73f1-4fce-275d-1b80ddeaf7e5 running for 5.23s"}
{"level":"debug","job_id":"levant-TestDeploy_basic","job_id":"levant-TestDeploy_driverError","job_id":"levant-TestDeploy_allocError","job_id":"levant-TestDeploy_count","job_id":"levant-TestDeploy_count","job_id":"levant-TestDeploy_count","time":"2019-04-17T11:29:38-07:00","message":"levant/deploy: deployment dbfae758-73f1-4fce-275d-1b80ddeaf7e5 running for 9.07s"}
{"level":"debug","job_id":"levant-TestDeploy_basic","job_id":"levant-TestDeploy_driverError","job_id":"levant-TestDeploy_allocError","job_id":"levant-TestDeploy_count","job_id":"levant-TestDeploy_count","job_id":"levant-TestDeploy_count","time":"2019-04-17T11:29:39-07:00","message":"levant/deploy: deployment dbfae758-73f1-4fce-275d-1b80ddeaf7e5 running for 10.33s"}
{"level":"info","job_id":"levant-TestDeploy_basic","job_id":"levant-TestDeploy_driverError","job_id":"levant-TestDeploy_allocError","job_id":"levant-TestDeploy_count","job_id":"levant-TestDeploy_count","job_id":"levant-TestDeploy_count","time":"2019-04-17T11:29:39-07:00","message":"levant/deploy: deployment dbfae758-73f1-4fce-275d-1b80ddeaf7e5 has completed successfully"}
{"level":"info","job_id":"levant-TestDeploy_basic","job_id":"levant-TestDeploy_driverError","job_id":"levant-TestDeploy_allocError","job_id":"levant-TestDeploy_count","job_id":"levant-TestDeploy_count","job_id":"levant-TestDeploy_count","time":"2019-04-17T11:29:39-07:00","message":"levant/deploy: job deployment successful"}
--- PASS: TestDeploy_count (26.15s)
=== RUN   TestDeploy_canary
{"level":"debug","job_id":"levant-TestDeploy_basic","job_id":"levant-TestDeploy_driverError","job_id":"levant-TestDeploy_allocError","job_id":"levant-TestDeploy_count","job_id":"levant-TestDeploy_count","job_id":"levant-TestDeploy_count","time":"2019-04-17T11:29:39-07:00","message":"template/render: no variable file passed, trying defaults"}
{"level":"debug","job_id":"levant-TestDeploy_basic","job_id":"levant-TestDeploy_driverError","job_id":"levant-TestDeploy_allocError","job_id":"levant-TestDeploy_count","job_id":"levant-TestDeploy_count","job_id":"levant-TestDeploy_count","time":"2019-04-17T11:29:39-07:00","message":"helper/files: no default var-file found"}
{"level":"info","job_id":"levant-TestDeploy_basic","job_id":"levant-TestDeploy_driverError","job_id":"levant-TestDeploy_allocError","job_id":"levant-TestDeploy_count","job_id":"levant-TestDeploy_count","job_id":"levant-TestDeploy_count","time":"2019-04-17T11:29:39-07:00","message":"helper/variable: using command line variable with key env_version and value 1"}
{"level":"info","job_id":"levant-TestDeploy_basic","job_id":"levant-TestDeploy_driverError","job_id":"levant-TestDeploy_allocError","job_id":"levant-TestDeploy_count","job_id":"levant-TestDeploy_count","job_id":"levant-TestDeploy_count","time":"2019-04-17T11:29:39-07:00","message":"helper/variable: using command line variable with key job_name and value levant-TestDeploy_canary"}
{"level":"info","job_id":"levant-TestDeploy_basic","job_id":"levant-TestDeploy_driverError","job_id":"levant-TestDeploy_allocError","job_id":"levant-TestDeploy_count","job_id":"levant-TestDeploy_count","job_id":"levant-TestDeploy_count","job_id":"levant-TestDeploy_canary","time":"2019-04-17T11:29:40-07:00","message":"levant/deploy: job is not running, using template file group counts"}
{"level":"info","job_id":"levant-TestDeploy_basic","job_id":"levant-TestDeploy_driverError","job_id":"levant-TestDeploy_allocError","job_id":"levant-TestDeploy_count","job_id":"levant-TestDeploy_count","job_id":"levant-TestDeploy_count","job_id":"levant-TestDeploy_canary","time":"2019-04-17T11:29:40-07:00","message":"levant/deploy: triggering a deployment"}
{"level":"info","job_id":"levant-TestDeploy_basic","job_id":"levant-TestDeploy_driverError","job_id":"levant-TestDeploy_allocError","job_id":"levant-TestDeploy_count","job_id":"levant-TestDeploy_count","job_id":"levant-TestDeploy_count","job_id":"levant-TestDeploy_canary","time":"2019-04-17T11:29:41-07:00","message":"levant/deploy: evaluation 22b378aa-9852-30f5-d766-e90ff9ddd078 finished successfully"}
{"level":"info","job_id":"levant-TestDeploy_basic","job_id":"levant-TestDeploy_driverError","job_id":"levant-TestDeploy_allocError","job_id":"levant-TestDeploy_count","job_id":"levant-TestDeploy_count","job_id":"levant-TestDeploy_count","job_id":"levant-TestDeploy_canary","time":"2019-04-17T11:29:41-07:00","message":"levant/deploy: beginning deployment watcher for job"}
{"level":"debug","job_id":"levant-TestDeploy_basic","job_id":"levant-TestDeploy_driverError","job_id":"levant-TestDeploy_allocError","job_id":"levant-TestDeploy_count","job_id":"levant-TestDeploy_count","job_id":"levant-TestDeploy_count","job_id":"levant-TestDeploy_canary","time":"2019-04-17T11:29:41-07:00","message":"levant/deploy: deployment 0e81c8ea-35e9-2af5-7705-a8e72a03b542 running for 0.00s"}
{"level":"debug","job_id":"levant-TestDeploy_basic","job_id":"levant-TestDeploy_driverError","job_id":"levant-TestDeploy_allocError","job_id":"levant-TestDeploy_count","job_id":"levant-TestDeploy_count","job_id":"levant-TestDeploy_count","job_id":"levant-TestDeploy_canary","time":"2019-04-17T11:29:44-07:00","message":"levant/deploy: deployment 0e81c8ea-35e9-2af5-7705-a8e72a03b542 running for 3.63s"}
{"level":"debug","job_id":"levant-TestDeploy_basic","job_id":"levant-TestDeploy_driverError","job_id":"levant-TestDeploy_allocError","job_id":"levant-TestDeploy_count","job_id":"levant-TestDeploy_count","job_id":"levant-TestDeploy_count","job_id":"levant-TestDeploy_canary","time":"2019-04-17T11:29:45-07:00","message":"levant/deploy: deployment 0e81c8ea-35e9-2af5-7705-a8e72a03b542 running for 4.88s"}
{"level":"info","job_id":"levant-TestDeploy_basic","job_id":"levant-TestDeploy_driverError","job_id":"levant-TestDeploy_allocError","job_id":"levant-TestDeploy_count","job_id":"levant-TestDeploy_count","job_id":"levant-TestDeploy_count","job_id":"levant-TestDeploy_canary","time":"2019-04-17T11:29:45-07:00","message":"levant/deploy: deployment 0e81c8ea-35e9-2af5-7705-a8e72a03b542 has completed successfully"}
{"level":"info","job_id":"levant-TestDeploy_basic","job_id":"levant-TestDeploy_driverError","job_id":"levant-TestDeploy_allocError","job_id":"levant-TestDeploy_count","job_id":"levant-TestDeploy_count","job_id":"levant-TestDeploy_count","job_id":"levant-TestDeploy_canary","time":"2019-04-17T11:29:45-07:00","message":"levant/deploy: job deployment successful"}
{"level":"debug","job_id":"levant-TestDeploy_basic","job_id":"levant-TestDeploy_driverError","job_id":"levant-TestDeploy_allocError","job_id":"levant-TestDeploy_count","job_id":"levant-TestDeploy_count","job_id":"levant-TestDeploy_count","job_id":"levant-TestDeploy_canary","time":"2019-04-17T11:29:46-07:00","message":"template/render: no variable file passed, trying defaults"}
{"level":"debug","job_id":"levant-TestDeploy_basic","job_id":"levant-TestDeploy_driverError","job_id":"levant-TestDeploy_allocError","job_id":"levant-TestDeploy_count","job_id":"levant-TestDeploy_count","job_id":"levant-TestDeploy_count","job_id":"levant-TestDeploy_canary","time":"2019-04-17T11:29:46-07:00","message":"helper/files: no default var-file found"}
{"level":"info","job_id":"levant-TestDeploy_basic","job_id":"levant-TestDeploy_driverError","job_id":"levant-TestDeploy_allocError","job_id":"levant-TestDeploy_count","job_id":"levant-TestDeploy_count","job_id":"levant-TestDeploy_count","job_id":"levant-TestDeploy_canary","time":"2019-04-17T11:29:46-07:00","message":"helper/variable: using command line variable with key env_version and value 2"}
{"level":"info","job_id":"levant-TestDeploy_basic","job_id":"levant-TestDeploy_driverError","job_id":"levant-TestDeploy_allocError","job_id":"levant-TestDeploy_count","job_id":"levant-TestDeploy_count","job_id":"levant-TestDeploy_count","job_id":"levant-TestDeploy_canary","time":"2019-04-17T11:29:46-07:00","message":"helper/variable: using command line variable with key job_name and value levant-TestDeploy_canary"}
{"level":"debug","job_id":"levant-TestDeploy_basic","job_id":"levant-TestDeploy_driverError","job_id":"levant-TestDeploy_allocError","job_id":"levant-TestDeploy_count","job_id":"levant-TestDeploy_count","job_id":"levant-TestDeploy_count","job_id":"levant-TestDeploy_canary","job_id":"levant-TestDeploy_canary","time":"2019-04-17T11:29:46-07:00","message":"levant/deploy: running dynamic job count updater"}
{"level":"info","job_id":"levant-TestDeploy_basic","job_id":"levant-TestDeploy_driverError","job_id":"levant-TestDeploy_allocError","job_id":"levant-TestDeploy_count","job_id":"levant-TestDeploy_count","job_id":"levant-TestDeploy_count","job_id":"levant-TestDeploy_canary","job_id":"levant-TestDeploy_canary","time":"2019-04-17T11:29:46-07:00","message":"levant/deploy: using dynamic count 1 for group test"}
{"level":"info","job_id":"levant-TestDeploy_basic","job_id":"levant-TestDeploy_driverError","job_id":"levant-TestDeploy_allocError","job_id":"levant-TestDeploy_count","job_id":"levant-TestDeploy_count","job_id":"levant-TestDeploy_count","job_id":"levant-TestDeploy_canary","job_id":"levant-TestDeploy_canary","time":"2019-04-17T11:29:46-07:00","message":"levant/deploy: triggering a deployment"}
{"level":"info","job_id":"levant-TestDeploy_basic","job_id":"levant-TestDeploy_driverError","job_id":"levant-TestDeploy_allocError","job_id":"levant-TestDeploy_count","job_id":"levant-TestDeploy_count","job_id":"levant-TestDeploy_count","job_id":"levant-TestDeploy_canary","job_id":"levant-TestDeploy_canary","time":"2019-04-17T11:29:47-07:00","message":"levant/deploy: evaluation 26a28169-267e-7fce-ba5c-5b7fd53d4699 finished successfully"}
{"level":"info","job_id":"levant-TestDeploy_basic","job_id":"levant-TestDeploy_driverError","job_id":"levant-TestDeploy_allocError","job_id":"levant-TestDeploy_count","job_id":"levant-TestDeploy_count","job_id":"levant-TestDeploy_count","job_id":"levant-TestDeploy_canary","job_id":"levant-TestDeploy_canary","time":"2019-04-17T11:29:47-07:00","message":"levant/deploy: beginning deployment watcher for job"}
{"level":"debug","job_id":"levant-TestDeploy_basic","job_id":"levant-TestDeploy_driverError","job_id":"levant-TestDeploy_allocError","job_id":"levant-TestDeploy_count","job_id":"levant-TestDeploy_count","job_id":"levant-TestDeploy_count","job_id":"levant-TestDeploy_canary","job_id":"levant-TestDeploy_canary","time":"2019-04-17T11:29:47-07:00","message":"levant/deploy: deployment fa67aa99-8040-ec20-e27f-dd3fd7c86787 running for 0.00s"}
{"level":"debug","job_id":"levant-TestDeploy_basic","job_id":"levant-TestDeploy_driverError","job_id":"levant-TestDeploy_allocError","job_id":"levant-TestDeploy_count","job_id":"levant-TestDeploy_count","job_id":"levant-TestDeploy_count","job_id":"levant-TestDeploy_canary","job_id":"levant-TestDeploy_canary","time":"2019-04-17T11:29:50-07:00","message":"levant/deploy: deployment fa67aa99-8040-ec20-e27f-dd3fd7c86787 running for 3.33s"}
{"level":"info","job_id":"levant-TestDeploy_basic","job_id":"levant-TestDeploy_driverError","job_id":"levant-TestDeploy_allocError","job_id":"levant-TestDeploy_count","job_id":"levant-TestDeploy_count","job_id":"levant-TestDeploy_count","job_id":"levant-TestDeploy_canary","job_id":"levant-TestDeploy_canary","time":"2019-04-17T11:29:51-07:00","message":"levant/deploy: auto-promote period 10s has been reached for deployment 0e81c8ea-35e9-2af5-7705-a8e72a03b542"}
{"level":"debug","job_id":"levant-TestDeploy_basic","job_id":"levant-TestDeploy_driverError","job_id":"levant-TestDeploy_allocError","job_id":"levant-TestDeploy_count","job_id":"levant-TestDeploy_count","job_id":"levant-TestDeploy_count","job_id":"levant-TestDeploy_canary","job_id":"levant-TestDeploy_canary","time":"2019-04-17T11:29:51-07:00","message":"levant/deploy: task test has no desired canaries, skipping health checks in deployment 0e81c8ea-35e9-2af5-7705-a8e72a03b542"}
{"level":"debug","job_id":"levant-TestDeploy_basic","job_id":"levant-TestDeploy_driverError","job_id":"levant-TestDeploy_allocError","job_id":"levant-TestDeploy_count","job_id":"levant-TestDeploy_count","job_id":"levant-TestDeploy_count","job_id":"levant-TestDeploy_canary","job_id":"levant-TestDeploy_canary","time":"2019-04-17T11:29:51-07:00","message":"levant/deploy: deployment 0e81c8ea-35e9-2af5-7705-a8e72a03b542 has 0 unhealthy allocations"}
{"level":"info","job_id":"levant-TestDeploy_basic","job_id":"levant-TestDeploy_driverError","job_id":"levant-TestDeploy_allocError","job_id":"levant-TestDeploy_count","job_id":"levant-TestDeploy_count","job_id":"levant-TestDeploy_count","job_id":"levant-TestDeploy_canary","job_id":"levant-TestDeploy_canary","time":"2019-04-17T11:29:51-07:00","message":"levant/deploy: triggering auto promote of deployment 0e81c8ea-35e9-2af5-7705-a8e72a03b542"}
{"level":"error","job_id":"levant-TestDeploy_basic","job_id":"levant-TestDeploy_driverError","job_id":"levant-TestDeploy_allocError","job_id":"levant-TestDeploy_count","job_id":"levant-TestDeploy_count","job_id":"levant-TestDeploy_count","job_id":"levant-TestDeploy_canary","job_id":"levant-TestDeploy_canary","error":"Unexpected response code: 500 (can't promote terminal deployment)","time":"2019-04-17T11:29:51-07:00","message":"levant/deploy: unable to promote deployment 0e81c8ea-35e9-2af5-7705-a8e72a03b542"}
{"level":"debug","job_id":"levant-TestDeploy_basic","job_id":"levant-TestDeploy_driverError","job_id":"levant-TestDeploy_allocError","job_id":"levant-TestDeploy_count","job_id":"levant-TestDeploy_count","job_id":"levant-TestDeploy_count","job_id":"levant-TestDeploy_canary","job_id":"levant-TestDeploy_canary","time":"2019-04-17T11:29:55-07:00","message":"levant/deploy: deployment fa67aa99-8040-ec20-e27f-dd3fd7c86787 running for 8.35s"}
{"level":"info","job_id":"levant-TestDeploy_basic","job_id":"levant-TestDeploy_driverError","job_id":"levant-TestDeploy_allocError","job_id":"levant-TestDeploy_count","job_id":"levant-TestDeploy_count","job_id":"levant-TestDeploy_count","job_id":"levant-TestDeploy_canary","job_id":"levant-TestDeploy_canary","time":"2019-04-17T11:29:57-07:00","message":"levant/deploy: auto-promote period 10s has been reached for deployment fa67aa99-8040-ec20-e27f-dd3fd7c86787"}
{"level":"debug","job_id":"levant-TestDeploy_basic","job_id":"levant-TestDeploy_driverError","job_id":"levant-TestDeploy_allocError","job_id":"levant-TestDeploy_count","job_id":"levant-TestDeploy_count","job_id":"levant-TestDeploy_count","job_id":"levant-TestDeploy_canary","job_id":"levant-TestDeploy_canary","time":"2019-04-17T11:29:57-07:00","message":"levant/deploy: deployment fa67aa99-8040-ec20-e27f-dd3fd7c86787 has 0 unhealthy allocations"}
{"level":"info","job_id":"levant-TestDeploy_basic","job_id":"levant-TestDeploy_driverError","job_id":"levant-TestDeploy_allocError","job_id":"levant-TestDeploy_count","job_id":"levant-TestDeploy_count","job_id":"levant-TestDeploy_count","job_id":"levant-TestDeploy_canary","job_id":"levant-TestDeploy_canary","time":"2019-04-17T11:29:57-07:00","message":"levant/deploy: triggering auto promote of deployment fa67aa99-8040-ec20-e27f-dd3fd7c86787"}
{"level":"debug","job_id":"levant-TestDeploy_basic","job_id":"levant-TestDeploy_driverError","job_id":"levant-TestDeploy_allocError","job_id":"levant-TestDeploy_count","job_id":"levant-TestDeploy_count","job_id":"levant-TestDeploy_count","job_id":"levant-TestDeploy_canary","job_id":"levant-TestDeploy_canary","time":"2019-04-17T11:29:57-07:00","message":"levant/deploy: deployment fa67aa99-8040-ec20-e27f-dd3fd7c86787 running for 10.01s"}
{"level":"debug","job_id":"levant-TestDeploy_basic","job_id":"levant-TestDeploy_driverError","job_id":"levant-TestDeploy_allocError","job_id":"levant-TestDeploy_count","job_id":"levant-TestDeploy_count","job_id":"levant-TestDeploy_count","job_id":"levant-TestDeploy_canary","job_id":"levant-TestDeploy_canary","time":"2019-04-17T11:29:57-07:00","message":"levant/deploy: deployment fa67aa99-8040-ec20-e27f-dd3fd7c86787 running for 10.01s"}
{"level":"info","job_id":"levant-TestDeploy_basic","job_id":"levant-TestDeploy_driverError","job_id":"levant-TestDeploy_allocError","job_id":"levant-TestDeploy_count","job_id":"levant-TestDeploy_count","job_id":"levant-TestDeploy_count","job_id":"levant-TestDeploy_canary","job_id":"levant-TestDeploy_canary","time":"2019-04-17T11:29:57-07:00","message":"levant/deploy: deployment fa67aa99-8040-ec20-e27f-dd3fd7c86787 has completed successfully"}
{"level":"info","job_id":"levant-TestDeploy_basic","job_id":"levant-TestDeploy_driverError","job_id":"levant-TestDeploy_allocError","job_id":"levant-TestDeploy_count","job_id":"levant-TestDeploy_count","job_id":"levant-TestDeploy_count","job_id":"levant-TestDeploy_canary","job_id":"levant-TestDeploy_canary","time":"2019-04-17T11:29:57-07:00","message":"levant/deploy: job deployment successful"}
--- PASS: TestDeploy_canary (17.42s)
PASS
ok  	github.com/jrasell/levant/test	98.095s